2026-05-14T11:46:51.893+05:30  INFO 10968 --- [POS] [restartedMain] com.devstack.POS.PosApplication          : Starting PosApplication using Java 21.0.11 with PID 10968 (C:\Pasan\DevStack\POS\POS\target\classes started by User in C:\Pasan\DevStack\POS)
2026-05-14T11:46:51.895+05:30 DEBUG 10968 --- [POS] [restartedMain] com.devstack.POS.PosApplication          : Running with Spring Boot v4.0.6, Spring v7.0.7
2026-05-14T11:46:51.896+05:30  INFO 10968 --- [POS] [restartedMain] com.devstack.POS.PosApplication          : The following 1 profile is active: "dev"
2026-05-14T11:46:51.931+05:30  INFO 10968 --- [POS] [restartedMain] .e.DevToolsPropertyDefaultsPostProcessor : Devtools property defaults active! Set 'spring.devtools.add-properties' to 'false' to disable
2026-05-14T11:46:51.932+05:30  INFO 10968 --- [POS] [restartedMain] .e.DevToolsPropertyDefaultsPostProcessor : For additional web related logging consider setting the 'logging.level.web' property to 'DEBUG'
2026-05-14T11:46:52.332+05:30  INFO 10968 --- [POS] [restartedMain] .s.d.r.c.RepositoryConfigurationDelegate : Bootstrapping Spring Data JPA repositories in DEFAULT mode.
2026-05-14T11:46:52.372+05:30  INFO 10968 --- [POS] [restartedMain] .s.d.r.c.RepositoryConfigurationDelegate : Finished Spring Data repository scanning in 33 ms. Found 4 JPA repository interfaces.
2026-05-14T11:46:52.722+05:30  INFO 10968 --- [POS] [restartedMain] o.s.boot.tomcat.TomcatWebServer          : Tomcat initialized with port 8081 (http)
2026-05-14T11:46:52.731+05:30  INFO 10968 --- [POS] [restartedMain] o.apache.catalina.core.StandardService   : Starting service [Tomcat]
2026-05-14T11:46:52.732+05:30  INFO 10968 --- [POS] [restartedMain] o.apache.catalina.core.StandardEngine    : Starting Servlet engine: [Apache Tomcat/11.0.21]
2026-05-14T11:46:52.763+05:30  INFO 10968 --- [POS] [restartedMain] b.w.c.s.WebApplicationContextInitializer : Root WebApplicationContext: initialization completed in 830 ms
2026-05-14T11:46:52.869+05:30  INFO 10968 --- [POS] [restartedMain] org.hibernate.orm.jpa                    : HHH008540: Processing PersistenceUnitInfo [name: default]
2026-05-14T11:46:52.898+05:30  INFO 10968 --- [POS] [restartedMain] org.hibernate.orm.core                   : HHH000001: Hibernate ORM core version 7.2.12.Final
2026-05-14T11:46:53.213+05:30  INFO 10968 --- [POS] [restartedMain] o.s.o.j.p.SpringPersistenceUnitInfo      : No LoadTimeWeaver setup: ignoring JPA class transformer
2026-05-14T11:46:53.235+05:30  INFO 10968 --- [POS] [restartedMain] com.zaxxer.hikari.HikariDataSource       : HikariPool-1 - Starting...
2026-05-14T11:46:53.519+05:30  INFO 10968 --- [POS] [restartedMain] com.zaxxer.hikari.pool.HikariPool        : HikariPool-1 - Added connection com.mysql.cj.jdbc.ConnectionImpl@7a0e4cd
2026-05-14T11:46:53.521+05:30  INFO 10968 --- [POS] [restartedMain] com.zaxxer.hikari.HikariDataSource       : HikariPool-1 - Start completed.
2026-05-14T11:46:53.556+05:30  WARN 10968 --- [POS] [restartedMain] org.hibernate.orm.deprecation            : HHH90000025: MySQLDialect does not need to be specified explicitly using 'hibernate.dialect' (remove the property setting and it will be selected by default)
2026-05-14T11:46:53.569+05:30  INFO 10968 --- [POS] [restartedMain] org.hibernate.orm.connections.pooling    : HHH10001005: Database info:
	Database JDBC URL [jdbc:mysql://localhost:3306/test_pos?createDatabaseIfNotExist=true]
	Database driver: MySQL Connector/J
	Database dialect: MySQLDialect
	Database version: 8.0.45
	Default catalog/schema: test_pos/undefined
	Autocommit mode: undefined/unknown
	Isolation level: REPEATABLE_READ [default REPEATABLE_READ]
	JDBC fetch size: none
	Pool: DataSourceConnectionProvider
	Minimum pool size: undefined/unknown
	Maximum pool size: undefined/unknown
2026-05-14T11:46:54.208+05:30  INFO 10968 --- [POS] [restartedMain] org.hibernate.orm.core                   : HHH000489: No JTA platform available (set 'hibernate.transaction.jta.platform' to enable JTA platform integration)
2026-05-14T11:46:54.258+05:30  INFO 10968 --- [POS] [restartedMain] j.LocalContainerEntityManagerFactoryBean : Initialized JPA EntityManagerFactory for persistence unit 'default'
2026-05-14T11:46:54.505+05:30  INFO 10968 --- [POS] [restartedMain] o.s.d.j.r.query.QueryEnhancerFactories   : Hibernate is in classpath; If applicable, HQL parser will be used.
2026-05-14T11:46:54.628+05:30  INFO 10968 --- [POS] [restartedMain] o.s.boot.tomcat.TomcatWebServer          : Tomcat started on port 8081 (http) with context path '/api/v1'
2026-05-14T11:46:54.631+05:30  INFO 10968 --- [POS] [restartedMain] com.devstack.POS.PosApplication          : Started PosApplication in 3.092 seconds (process running for 3.459)
2026-05-14T11:48:10.652+05:30  INFO 10968 --- [POS] [SpringApplicationShutdownHook] o.s.boot.tomcat.GracefulShutdown         : Commencing graceful shutdown. Waiting for active requests to complete
2026-05-14T11:48:10.659+05:30  INFO 10968 --- [POS] [tomcat-shutdown] o.s.boot.tomcat.GracefulShutdown         : Graceful shutdown complete
2026-05-14T11:48:10.661+05:30  INFO 10968 --- [POS] [SpringApplicationShutdownHook] j.LocalContainerEntityManagerFactoryBean : Closing JPA EntityManagerFactory for persistence unit 'default'
2026-05-14T11:48:10.664+05:30  INFO 10968 --- [POS] [SpringApplicationShutdownHook] com.zaxxer.hikari.HikariDataSource       : HikariPool-1 - Shutdown initiated...
2026-05-14T11:48:10.671+05:30  INFO 10968 --- [POS] [SpringApplicationShutdownHook] com.zaxxer.hikari.HikariDataSource       : HikariPool-1 - Shutdown completed.
