2026-06-30T00:32:31.524+05:30  INFO 12068 --- [POS] [main] com.devstack.POS.PosApplicationTests     : Starting PosApplicationTests using Java 21.0.11 with PID 12068 (started by User in C:\Pasan\DevStack\POS\POS)
2026-06-30T00:32:31.530+05:30 DEBUG 12068 --- [POS] [main] com.devstack.POS.PosApplicationTests     : Running with Spring Boot v4.0.6, Spring v7.0.7
2026-06-30T00:32:31.531+05:30  INFO 12068 --- [POS] [main] com.devstack.POS.PosApplicationTests     : The following 1 profile is active: "dev"
2026-06-30T00:32:32.284+05:30  INFO 12068 --- [POS] [main] .s.d.r.c.RepositoryConfigurationDelegate : Bootstrapping Spring Data JPA repositories in DEFAULT mode.
2026-06-30T00:32:32.352+05:30  INFO 12068 --- [POS] [main] .s.d.r.c.RepositoryConfigurationDelegate : Finished Spring Data repository scanning in 57 ms. Found 4 JPA repository interfaces.
2026-06-30T00:32:32.793+05:30  INFO 12068 --- [POS] [main] org.hibernate.orm.jpa                    : HHH008540: Processing PersistenceUnitInfo [name: default]
2026-06-30T00:32:32.879+05:30  INFO 12068 --- [POS] [main] org.hibernate.orm.core                   : HHH000001: Hibernate ORM core version 7.2.12.Final
2026-06-30T00:32:33.602+05:30  INFO 12068 --- [POS] [main] o.s.o.j.p.SpringPersistenceUnitInfo      : No LoadTimeWeaver setup: ignoring JPA class transformer
2026-06-30T00:32:33.648+05:30  INFO 12068 --- [POS] [main] com.zaxxer.hikari.HikariDataSource       : HikariPool-1 - Starting...
2026-06-30T00:32:34.132+05:30  INFO 12068 --- [POS] [main] com.zaxxer.hikari.pool.HikariPool        : HikariPool-1 - Added connection com.mysql.cj.jdbc.ConnectionImpl@7341baa3
2026-06-30T00:32:34.134+05:30  INFO 12068 --- [POS] [main] com.zaxxer.hikari.HikariDataSource       : HikariPool-1 - Start completed.
2026-06-30T00:32:34.219+05:30  WARN 12068 --- [POS] [main] org.hibernate.orm.deprecation            : HHH90000025: MySQLDialect does not need to be specified explicitly using 'hibernate.dialect' (remove the property setting and it will be selected by default)
2026-06-30T00:32:34.243+05:30  INFO 12068 --- [POS] [main] org.hibernate.orm.connections.pooling    : HHH10001005: Database info:
	Database JDBC URL [jdbc:mysql://localhost:3306/test_pos?createDatabaseIfNotExist=true]
	Database driver: MySQL Connector/J
	Database dialect: MySQLDialect
	Database version: 8.0.45
	Default catalog/schema: test_pos/undefined
	Autocommit mode: undefined/unknown
	Isolation level: REPEATABLE_READ [default REPEATABLE_READ]
	JDBC fetch size: none
	Pool: DataSourceConnectionProvider
	Minimum pool size: undefined/unknown
	Maximum pool size: undefined/unknown
2026-06-30T00:32:35.517+05:30  INFO 12068 --- [POS] [main] org.hibernate.orm.core                   : HHH000489: No JTA platform available (set 'hibernate.transaction.jta.platform' to enable JTA platform integration)
2026-06-30T00:32:35.683+05:30  INFO 12068 --- [POS] [main] j.LocalContainerEntityManagerFactoryBean : Initialized JPA EntityManagerFactory for persistence unit 'default'
2026-06-30T00:32:35.791+05:30  INFO 12068 --- [POS] [main] o.s.d.j.r.query.QueryEnhancerFactories   : Hibernate is in classpath; If applicable, HQL parser will be used.
2026-06-30T00:32:36.698+05:30  INFO 12068 --- [POS] [main] com.devstack.POS.PosApplicationTests     : Started PosApplicationTests in 5.544 seconds (process running for 6.763)
2026-06-30T00:32:36.703+05:30  INFO 12068 --- [POS] [main] c.d.POS.helper.CustomerDataInitializer   : Starting customer data initialization...
2026-06-30T00:32:36.991+05:30  INFO 12068 --- [POS] [main] c.d.POS.helper.CustomerDataInitializer   : Customer data initialization completed.
2026-06-30T00:32:37.401+05:30  INFO 12068 --- [POS] [SpringApplicationShutdownHook] j.LocalContainerEntityManagerFactoryBean : Closing JPA EntityManagerFactory for persistence unit 'default'
2026-06-30T00:32:37.406+05:30  INFO 12068 --- [POS] [SpringApplicationShutdownHook] com.zaxxer.hikari.HikariDataSource       : HikariPool-1 - Shutdown initiated...
2026-06-30T00:32:37.417+05:30  INFO 12068 --- [POS] [SpringApplicationShutdownHook] com.zaxxer.hikari.HikariDataSource       : HikariPool-1 - Shutdown completed.
2026-06-30T00:42:40.613+05:30  INFO 19144 --- [POS] [main] com.devstack.POS.PosApplicationTests     : Starting PosApplicationTests using Java 21.0.11 with PID 19144 (started by User in C:\Pasan\DevStack\POS\POS)
2026-06-30T00:42:40.614+05:30 DEBUG 19144 --- [POS] [main] com.devstack.POS.PosApplicationTests     : Running with Spring Boot v4.0.6, Spring v7.0.7
2026-06-30T00:42:40.615+05:30  INFO 19144 --- [POS] [main] com.devstack.POS.PosApplicationTests     : The following 1 profile is active: "dev"
2026-06-30T00:42:41.299+05:30  INFO 19144 --- [POS] [main] .s.d.r.c.RepositoryConfigurationDelegate : Bootstrapping Spring Data JPA repositories in DEFAULT mode.
2026-06-30T00:42:41.366+05:30  INFO 19144 --- [POS] [main] .s.d.r.c.RepositoryConfigurationDelegate : Finished Spring Data repository scanning in 53 ms. Found 4 JPA repository interfaces.
2026-06-30T00:42:41.785+05:30  INFO 19144 --- [POS] [main] org.hibernate.orm.jpa                    : HHH008540: Processing PersistenceUnitInfo [name: default]
2026-06-30T00:42:41.839+05:30  INFO 19144 --- [POS] [main] org.hibernate.orm.core                   : HHH000001: Hibernate ORM core version 7.2.12.Final
2026-06-30T00:42:42.451+05:30  INFO 19144 --- [POS] [main] o.s.o.j.p.SpringPersistenceUnitInfo      : No LoadTimeWeaver setup: ignoring JPA class transformer
2026-06-30T00:42:42.498+05:30  INFO 19144 --- [POS] [main] com.zaxxer.hikari.HikariDataSource       : HikariPool-1 - Starting...
2026-06-30T00:42:43.488+05:30  INFO 19144 --- [POS] [main] com.zaxxer.hikari.pool.HikariPool        : HikariPool-1 - Added connection com.mysql.cj.jdbc.ConnectionImpl@4b9ed99d
2026-06-30T00:42:43.490+05:30  INFO 19144 --- [POS] [main] com.zaxxer.hikari.HikariDataSource       : HikariPool-1 - Start completed.
2026-06-30T00:42:43.539+05:30  WARN 19144 --- [POS] [main] org.hibernate.orm.deprecation            : HHH90000025: MySQLDialect does not need to be specified explicitly using 'hibernate.dialect' (remove the property setting and it will be selected by default)
2026-06-30T00:42:43.558+05:30  INFO 19144 --- [POS] [main] org.hibernate.orm.connections.pooling    : HHH10001005: Database info:
	Database JDBC URL [jdbc:mysql://localhost:3306/test_pos?createDatabaseIfNotExist=true]
	Database driver: MySQL Connector/J
	Database dialect: MySQLDialect
	Database version: 8.0.45
	Default catalog/schema: test_pos/undefined
	Autocommit mode: undefined/unknown
	Isolation level: REPEATABLE_READ [default REPEATABLE_READ]
	JDBC fetch size: none
	Pool: DataSourceConnectionProvider
	Minimum pool size: undefined/unknown
	Maximum pool size: undefined/unknown
2026-06-30T00:42:44.472+05:30  INFO 19144 --- [POS] [main] org.hibernate.orm.core                   : HHH000489: No JTA platform available (set 'hibernate.transaction.jta.platform' to enable JTA platform integration)
2026-06-30T00:42:44.543+05:30  INFO 19144 --- [POS] [main] j.LocalContainerEntityManagerFactoryBean : Initialized JPA EntityManagerFactory for persistence unit 'default'
2026-06-30T00:42:44.627+05:30  INFO 19144 --- [POS] [main] o.s.d.j.r.query.QueryEnhancerFactories   : Hibernate is in classpath; If applicable, HQL parser will be used.
2026-06-30T00:42:45.495+05:30  INFO 19144 --- [POS] [main] com.devstack.POS.PosApplicationTests     : Started PosApplicationTests in 5.238 seconds (process running for 6.343)
2026-06-30T00:42:45.501+05:30  INFO 19144 --- [POS] [main] c.d.POS.helper.CustomerDataInitializer   : Starting customer data initialization...
2026-06-30T00:42:45.709+05:30  INFO 19144 --- [POS] [main] c.d.POS.helper.CustomerDataInitializer   : Customer data initialization completed.
2026-06-30T00:42:46.200+05:30  INFO 19144 --- [POS] [SpringApplicationShutdownHook] j.LocalContainerEntityManagerFactoryBean : Closing JPA EntityManagerFactory for persistence unit 'default'
2026-06-30T00:42:46.203+05:30  INFO 19144 --- [POS] [SpringApplicationShutdownHook] com.zaxxer.hikari.HikariDataSource       : HikariPool-1 - Shutdown initiated...
2026-06-30T00:42:46.217+05:30  INFO 19144 --- [POS] [SpringApplicationShutdownHook] com.zaxxer.hikari.HikariDataSource       : HikariPool-1 - Shutdown completed.
2026-06-30T00:44:37.599+05:30  INFO 17692 --- [POS] [main] com.devstack.POS.PosApplicationTests     : Starting PosApplicationTests using Java 21.0.11 with PID 17692 (started by User in C:\Pasan\DevStack\POS\POS)
2026-06-30T00:44:37.601+05:30 DEBUG 17692 --- [POS] [main] com.devstack.POS.PosApplicationTests     : Running with Spring Boot v4.0.6, Spring v7.0.7
2026-06-30T00:44:37.603+05:30  INFO 17692 --- [POS] [main] com.devstack.POS.PosApplicationTests     : The following 1 profile is active: "dev"
2026-06-30T00:44:38.315+05:30  INFO 17692 --- [POS] [main] .s.d.r.c.RepositoryConfigurationDelegate : Bootstrapping Spring Data JPA repositories in DEFAULT mode.
2026-06-30T00:44:38.385+05:30  INFO 17692 --- [POS] [main] .s.d.r.c.RepositoryConfigurationDelegate : Finished Spring Data repository scanning in 58 ms. Found 4 JPA repository interfaces.
2026-06-30T00:44:38.818+05:30  INFO 17692 --- [POS] [main] org.hibernate.orm.jpa                    : HHH008540: Processing PersistenceUnitInfo [name: default]
2026-06-30T00:44:38.872+05:30  INFO 17692 --- [POS] [main] org.hibernate.orm.core                   : HHH000001: Hibernate ORM core version 7.2.12.Final
2026-06-30T00:44:39.439+05:30  INFO 17692 --- [POS] [main] o.s.o.j.p.SpringPersistenceUnitInfo      : No LoadTimeWeaver setup: ignoring JPA class transformer
2026-06-30T00:44:39.466+05:30  INFO 17692 --- [POS] [main] com.zaxxer.hikari.HikariDataSource       : HikariPool-1 - Starting...
2026-06-30T00:44:39.921+05:30  INFO 17692 --- [POS] [main] com.zaxxer.hikari.pool.HikariPool        : HikariPool-1 - Added connection com.mysql.cj.jdbc.ConnectionImpl@7d43f1c9
2026-06-30T00:44:39.924+05:30  INFO 17692 --- [POS] [main] com.zaxxer.hikari.HikariDataSource       : HikariPool-1 - Start completed.
2026-06-30T00:44:39.992+05:30  WARN 17692 --- [POS] [main] org.hibernate.orm.deprecation            : HHH90000025: MySQLDialect does not need to be specified explicitly using 'hibernate.dialect' (remove the property setting and it will be selected by default)
2026-06-30T00:44:40.009+05:30  INFO 17692 --- [POS] [main] org.hibernate.orm.connections.pooling    : HHH10001005: Database info:
	Database JDBC URL [jdbc:mysql://localhost:3306/test_pos?createDatabaseIfNotExist=true]
	Database driver: MySQL Connector/J
	Database dialect: MySQLDialect
	Database version: 8.0.45
	Default catalog/schema: test_pos/undefined
	Autocommit mode: undefined/unknown
	Isolation level: REPEATABLE_READ [default REPEATABLE_READ]
	JDBC fetch size: none
	Pool: DataSourceConnectionProvider
	Minimum pool size: undefined/unknown
	Maximum pool size: undefined/unknown
2026-06-30T00:44:40.834+05:30  INFO 17692 --- [POS] [main] org.hibernate.orm.core                   : HHH000489: No JTA platform available (set 'hibernate.transaction.jta.platform' to enable JTA platform integration)
2026-06-30T00:44:40.895+05:30  INFO 17692 --- [POS] [main] j.LocalContainerEntityManagerFactoryBean : Initialized JPA EntityManagerFactory for persistence unit 'default'
2026-06-30T00:44:40.992+05:30  INFO 17692 --- [POS] [main] o.s.d.j.r.query.QueryEnhancerFactories   : Hibernate is in classpath; If applicable, HQL parser will be used.
2026-06-30T00:44:41.817+05:30  INFO 17692 --- [POS] [main] com.devstack.POS.PosApplicationTests     : Started PosApplicationTests in 4.53 seconds (process running for 5.818)
2026-06-30T00:44:41.825+05:30  INFO 17692 --- [POS] [main] c.d.POS.helper.CustomerDataInitializer   : Starting customer data initialization...
2026-06-30T00:44:42.020+05:30  INFO 17692 --- [POS] [main] c.d.POS.helper.CustomerDataInitializer   : Customer data initialization completed.
2026-06-30T00:44:42.390+05:30  INFO 17692 --- [POS] [SpringApplicationShutdownHook] j.LocalContainerEntityManagerFactoryBean : Closing JPA EntityManagerFactory for persistence unit 'default'
2026-06-30T00:44:42.393+05:30  INFO 17692 --- [POS] [SpringApplicationShutdownHook] com.zaxxer.hikari.HikariDataSource       : HikariPool-1 - Shutdown initiated...
2026-06-30T00:44:42.406+05:30  INFO 17692 --- [POS] [SpringApplicationShutdownHook] com.zaxxer.hikari.HikariDataSource       : HikariPool-1 - Shutdown completed.
2026-06-30T00:45:03.501+05:30  INFO 9764 --- [POS] [main] com.devstack.POS.PosApplicationTests     : Starting PosApplicationTests using Java 21.0.11 with PID 9764 (started by User in C:\Pasan\DevStack\POS\POS)
2026-06-30T00:45:03.502+05:30 DEBUG 9764 --- [POS] [main] com.devstack.POS.PosApplicationTests     : Running with Spring Boot v4.0.6, Spring v7.0.7
2026-06-30T00:45:03.503+05:30  INFO 9764 --- [POS] [main] com.devstack.POS.PosApplicationTests     : The following 1 profile is active: "dev"
2026-06-30T00:45:04.363+05:30  INFO 9764 --- [POS] [main] .s.d.r.c.RepositoryConfigurationDelegate : Bootstrapping Spring Data JPA repositories in DEFAULT mode.
2026-06-30T00:45:04.434+05:30  INFO 9764 --- [POS] [main] .s.d.r.c.RepositoryConfigurationDelegate : Finished Spring Data repository scanning in 60 ms. Found 4 JPA repository interfaces.
2026-06-30T00:45:04.883+05:30  INFO 9764 --- [POS] [main] org.hibernate.orm.jpa                    : HHH008540: Processing PersistenceUnitInfo [name: default]
2026-06-30T00:45:04.939+05:30  INFO 9764 --- [POS] [main] org.hibernate.orm.core                   : HHH000001: Hibernate ORM core version 7.2.12.Final
2026-06-30T00:45:05.506+05:30  INFO 9764 --- [POS] [main] o.s.o.j.p.SpringPersistenceUnitInfo      : No LoadTimeWeaver setup: ignoring JPA class transformer
2026-06-30T00:45:05.533+05:30  INFO 9764 --- [POS] [main] com.zaxxer.hikari.HikariDataSource       : HikariPool-1 - Starting...
2026-06-30T00:45:05.921+05:30  INFO 9764 --- [POS] [main] com.zaxxer.hikari.pool.HikariPool        : HikariPool-1 - Added connection com.mysql.cj.jdbc.ConnectionImpl@188ae8d2
2026-06-30T00:45:05.923+05:30  INFO 9764 --- [POS] [main] com.zaxxer.hikari.HikariDataSource       : HikariPool-1 - Start completed.
2026-06-30T00:45:05.979+05:30  WARN 9764 --- [POS] [main] org.hibernate.orm.deprecation            : HHH90000025: MySQLDialect does not need to be specified explicitly using 'hibernate.dialect' (remove the property setting and it will be selected by default)
2026-06-30T00:45:05.994+05:30  INFO 9764 --- [POS] [main] org.hibernate.orm.connections.pooling    : HHH10001005: Database info:
	Database JDBC URL [jdbc:mysql://localhost:3306/test_pos?createDatabaseIfNotExist=true]
	Database driver: MySQL Connector/J
	Database dialect: MySQLDialect
	Database version: 8.0.45
	Default catalog/schema: test_pos/undefined
	Autocommit mode: undefined/unknown
	Isolation level: REPEATABLE_READ [default REPEATABLE_READ]
	JDBC fetch size: none
	Pool: DataSourceConnectionProvider
	Minimum pool size: undefined/unknown
	Maximum pool size: undefined/unknown
2026-06-30T00:45:06.869+05:30  INFO 9764 --- [POS] [main] org.hibernate.orm.core                   : HHH000489: No JTA platform available (set 'hibernate.transaction.jta.platform' to enable JTA platform integration)
2026-06-30T00:45:06.949+05:30  INFO 9764 --- [POS] [main] j.LocalContainerEntityManagerFactoryBean : Initialized JPA EntityManagerFactory for persistence unit 'default'
2026-06-30T00:45:07.030+05:30  INFO 9764 --- [POS] [main] o.s.d.j.r.query.QueryEnhancerFactories   : Hibernate is in classpath; If applicable, HQL parser will be used.
2026-06-30T00:45:07.765+05:30  INFO 9764 --- [POS] [main] com.devstack.POS.PosApplicationTests     : Started PosApplicationTests in 4.624 seconds (process running for 5.76)
2026-06-30T00:45:07.770+05:30  INFO 9764 --- [POS] [main] c.d.POS.helper.CustomerDataInitializer   : Starting customer data initialization...
2026-06-30T00:45:07.947+05:30  INFO 9764 --- [POS] [main] c.d.POS.helper.CustomerDataInitializer   : Customer data initialization completed.
2026-06-30T00:45:08.282+05:30  INFO 9764 --- [POS] [SpringApplicationShutdownHook] j.LocalContainerEntityManagerFactoryBean : Closing JPA EntityManagerFactory for persistence unit 'default'
2026-06-30T00:45:08.284+05:30  INFO 9764 --- [POS] [SpringApplicationShutdownHook] com.zaxxer.hikari.HikariDataSource       : HikariPool-1 - Shutdown initiated...
2026-06-30T00:45:08.295+05:30  INFO 9764 --- [POS] [SpringApplicationShutdownHook] com.zaxxer.hikari.HikariDataSource       : HikariPool-1 - Shutdown completed.
2026-06-30T00:47:55.774+05:30  INFO 29216 --- [POS] [restartedMain] com.devstack.POS.PosApplication          : Starting PosApplication using Java 21.0.11 with PID 29216 (C:\Pasan\DevStack\POS\POS\target\classes started by User in C:\Pasan\DevStack\POS\POS)
2026-06-30T00:47:55.776+05:30 DEBUG 29216 --- [POS] [restartedMain] com.devstack.POS.PosApplication          : Running with Spring Boot v4.0.6, Spring v7.0.7
2026-06-30T00:47:55.777+05:30  INFO 29216 --- [POS] [restartedMain] com.devstack.POS.PosApplication          : The following 1 profile is active: "dev"
2026-06-30T00:47:55.811+05:30  INFO 29216 --- [POS] [restartedMain] .e.DevToolsPropertyDefaultsPostProcessor : Devtools property defaults active! Set 'spring.devtools.add-properties' to 'false' to disable
2026-06-30T00:47:55.811+05:30  INFO 29216 --- [POS] [restartedMain] .e.DevToolsPropertyDefaultsPostProcessor : For additional web related logging consider setting the 'logging.level.web' property to 'DEBUG'
2026-06-30T00:47:56.308+05:30  INFO 29216 --- [POS] [restartedMain] .s.d.r.c.RepositoryConfigurationDelegate : Bootstrapping Spring Data JPA repositories in DEFAULT mode.
2026-06-30T00:47:56.353+05:30  INFO 29216 --- [POS] [restartedMain] .s.d.r.c.RepositoryConfigurationDelegate : Finished Spring Data repository scanning in 37 ms. Found 4 JPA repository interfaces.
2026-06-30T00:47:56.695+05:30  INFO 29216 --- [POS] [restartedMain] o.s.boot.tomcat.TomcatWebServer          : Tomcat initialized with port 8081 (http)
2026-06-30T00:47:56.706+05:30  INFO 29216 --- [POS] [restartedMain] o.apache.catalina.core.StandardService   : Starting service [Tomcat]
2026-06-30T00:47:56.707+05:30  INFO 29216 --- [POS] [restartedMain] o.apache.catalina.core.StandardEngine    : Starting Servlet engine: [Apache Tomcat/11.0.21]
2026-06-30T00:47:56.737+05:30  INFO 29216 --- [POS] [restartedMain] b.w.c.s.WebApplicationContextInitializer : Root WebApplicationContext: initialization completed in 925 ms
2026-06-30T00:47:56.853+05:30  INFO 29216 --- [POS] [restartedMain] org.hibernate.orm.jpa                    : HHH008540: Processing PersistenceUnitInfo [name: default]
2026-06-30T00:47:56.886+05:30  INFO 29216 --- [POS] [restartedMain] org.hibernate.orm.core                   : HHH000001: Hibernate ORM core version 7.2.12.Final
2026-06-30T00:47:57.209+05:30  INFO 29216 --- [POS] [restartedMain] o.s.o.j.p.SpringPersistenceUnitInfo      : No LoadTimeWeaver setup: ignoring JPA class transformer
2026-06-30T00:47:57.230+05:30  INFO 29216 --- [POS] [restartedMain] com.zaxxer.hikari.HikariDataSource       : HikariPool-1 - Starting...
2026-06-30T00:47:57.457+05:30  INFO 29216 --- [POS] [restartedMain] com.zaxxer.hikari.pool.HikariPool        : HikariPool-1 - Added connection com.mysql.cj.jdbc.ConnectionImpl@6363966b
2026-06-30T00:47:57.459+05:30  INFO 29216 --- [POS] [restartedMain] com.zaxxer.hikari.HikariDataSource       : HikariPool-1 - Start completed.
2026-06-30T00:47:57.497+05:30  WARN 29216 --- [POS] [restartedMain] org.hibernate.orm.deprecation            : HHH90000025: MySQLDialect does not need to be specified explicitly using 'hibernate.dialect' (remove the property setting and it will be selected by default)
2026-06-30T00:47:57.509+05:30  INFO 29216 --- [POS] [restartedMain] org.hibernate.orm.connections.pooling    : HHH10001005: Database info:
	Database JDBC URL [jdbc:mysql://localhost:3306/test_pos?createDatabaseIfNotExist=true]
	Database driver: MySQL Connector/J
	Database dialect: MySQLDialect
	Database version: 8.0.45
	Default catalog/schema: test_pos/undefined
	Autocommit mode: undefined/unknown
	Isolation level: REPEATABLE_READ [default REPEATABLE_READ]
	JDBC fetch size: none
	Pool: DataSourceConnectionProvider
	Minimum pool size: undefined/unknown
	Maximum pool size: undefined/unknown
2026-06-30T00:47:58.193+05:30  INFO 29216 --- [POS] [restartedMain] org.hibernate.orm.core                   : HHH000489: No JTA platform available (set 'hibernate.transaction.jta.platform' to enable JTA platform integration)
2026-06-30T00:47:58.246+05:30  INFO 29216 --- [POS] [restartedMain] j.LocalContainerEntityManagerFactoryBean : Initialized JPA EntityManagerFactory for persistence unit 'default'
2026-06-30T00:47:58.301+05:30  INFO 29216 --- [POS] [restartedMain] o.s.d.j.r.query.QueryEnhancerFactories   : Hibernate is in classpath; If applicable, HQL parser will be used.
2026-06-30T00:47:58.711+05:30  INFO 29216 --- [POS] [restartedMain] o.s.boot.tomcat.TomcatWebServer          : Tomcat started on port 8081 (http) with context path '/api/v1'
2026-06-30T00:47:58.715+05:30  INFO 29216 --- [POS] [restartedMain] com.devstack.POS.PosApplication          : Started PosApplication in 3.283 seconds (process running for 3.652)
2026-06-30T00:47:58.719+05:30  INFO 29216 --- [POS] [restartedMain] c.d.POS.helper.CustomerDataInitializer   : Starting customer data initialization...
2026-06-30T00:47:58.858+05:30  INFO 29216 --- [POS] [restartedMain] c.d.POS.helper.CustomerDataInitializer   : Customer data initialization completed.
